<?xml version="1.0" encoding="UTF-8"?>
<!-- Generated by org.testng.reporters.JUnitReportReporter -->
<testsuite hostname="LAPTOP-9R6Q5KFD" name="com.demo.test.NewTest" tests="1" failures="0" timestamp="2 Jul 2019 19:37:06 GMT" time="0.027" errors="0">
  <testcase name="f" time="0.027" classname="com.demo.test.NewTest"/>
</testsuite> <!-- com.demo.test.NewTest -->
