<?xml version="1.0" encoding="UTF-8"?>
<!-- Generated by org.testng.reporters.JUnitReportReporter -->
<testsuite hostname="LAPTOP-9R6Q5KFD" name="com.demo.test.ChangePassword_Test" tests="13" failures="0" timestamp="3 Jul 2019 17:44:27 GMT" time="0.084" errors="0">
  <testcase name="verifyChangePassword_InValid08" time="0.003" classname="com.demo.test.ChangePassword_Test"/>
  <testcase name="verifyChangePassword_InValid02" time="0.004" classname="com.demo.test.ChangePassword_Test"/>
  <testcase name="verifyChangePassword_InValid07" time="0.004" classname="com.demo.test.ChangePassword_Test"/>
  <testcase name="verifyChangePassword_InValid06" time="0.003" classname="com.demo.test.ChangePassword_Test"/>
  <testcase name="verifyChangePassword_Valid02" time="0.006" classname="com.demo.test.ChangePassword_Test"/>
  <testcase name="verifyChangePassword_InValid04" time="0.014" classname="com.demo.test.ChangePassword_Test"/>
  <testcase name="verifyChangePassword_InValid11" time="0.003" classname="com.demo.test.ChangePassword_Test"/>
  <testcase name="verifyChangePassword_Valid01" time="0.028" classname="com.demo.test.ChangePassword_Test"/>
  <testcase name="verifyChangePassword_InValid09" time="0.002" classname="com.demo.test.ChangePassword_Test"/>
  <testcase name="verifyChangePassword_InValid05" time="0.004" classname="com.demo.test.ChangePassword_Test"/>
  <testcase name="verifyChangePassword_InValid03" time="0.005" classname="com.demo.test.ChangePassword_Test"/>
  <testcase name="verifyChangePassword_InValid01" time="0.006" classname="com.demo.test.ChangePassword_Test"/>
  <testcase name="verifyChangePassword_InValid10" time="0.002" classname="com.demo.test.ChangePassword_Test"/>
</testsuite> <!-- com.demo.test.ChangePassword_Test -->
