<?xml version="1.0" encoding="UTF-8"?>
<testsuite xmlns:xsi="http://www.w3.org/2001/XMLSchema-instance" xsi:noNamespaceSchemaLocation="https://maven.apache.org/surefire/maven-surefire-plugin/xsd/surefire-test-report-3.0.xsd" version="3.0" name="TestSuite" time="0.714" tests="13" errors="0" skipped="0" failures="0">
  <properties>
    <property name="sun.desktop" value="windows"/>
    <property name="awt.toolkit" value="sun.awt.windows.WToolkit"/>
    <property name="file.encoding.pkg" value="sun.io"/>
    <property name="java.specification.version" value="1.8"/>
    <property name="sun.cpu.isalist" value="amd64"/>
    <property name="sun.jnu.encoding" value="Cp1252"/>
    <property name="java.class.path" value="C:\Users\PIYUSH\eclipse-workspace\ChangePassword\target\test-classes;C:\Users\PIYUSH\eclipse-workspace\ChangePassword\target\classes;C:\Users\PIYUSH\.m2\repository\com\beust\jcommander\1.48\jcommander-1.48.jar;C:\Users\PIYUSH\.m2\repository\org\testng\testng\6.7\testng-6.7.jar;C:\Users\PIYUSH\.m2\repository\junit\junit\4.10\junit-4.10.jar;C:\Users\PIYUSH\.m2\repository\org\hamcrest\hamcrest-core\1.1\hamcrest-core-1.1.jar;C:\Users\PIYUSH\.m2\repository\org\beanshell\bsh\2.0b4\bsh-2.0b4.jar;C:\Users\PIYUSH\.m2\repository\org\yaml\snakeyaml\1.6\snakeyaml-1.6.jar;"/>
    <property name="java.vm.vendor" value="Oracle Corporation"/>
    <property name="sun.arch.data.model" value="64"/>
    <property name="user.variant" value=""/>
    <property name="java.vendor.url" value="http://java.oracle.com/"/>
    <property name="user.timezone" value="Asia/Calcutta"/>
    <property name="java.vm.specification.version" value="1.8"/>
    <property name="os.name" value="Windows 10"/>
    <property name="user.country" value="IN"/>
    <property name="sun.java.launcher" value="SUN_STANDARD"/>
    <property name="sun.boot.library.path" value="C:\Program Files\Java\jdk1.8.0_211\jre\bin"/>
    <property name="sun.java.command" value="C:\Users\PIYUSH\AppData\Local\Temp\surefire6301331230535817746\surefirebooter8877392925899081834.jar C:\Users\PIYUSH\AppData\Local\Temp\surefire6301331230535817746 2019-07-03T23-33-08_274-jvmRun1 surefire4771621087017961377tmp surefire_06486937020414167611tmp"/>
    <property name="surefire.test.class.path" value="C:\Users\PIYUSH\eclipse-workspace\ChangePassword\target\test-classes;C:\Users\PIYUSH\eclipse-workspace\ChangePassword\target\classes;C:\Users\PIYUSH\.m2\repository\com\beust\jcommander\1.48\jcommander-1.48.jar;C:\Users\PIYUSH\.m2\repository\org\testng\testng\6.7\testng-6.7.jar;C:\Users\PIYUSH\.m2\repository\junit\junit\4.10\junit-4.10.jar;C:\Users\PIYUSH\.m2\repository\org\hamcrest\hamcrest-core\1.1\hamcrest-core-1.1.jar;C:\Users\PIYUSH\.m2\repository\org\beanshell\bsh\2.0b4\bsh-2.0b4.jar;C:\Users\PIYUSH\.m2\repository\org\yaml\snakeyaml\1.6\snakeyaml-1.6.jar;"/>
    <property name="sun.cpu.endian" value="little"/>
    <property name="user.home" value="C:\Users\PIYUSH"/>
    <property name="user.language" value="en"/>
    <property name="java.specification.vendor" value="Oracle Corporation"/>
    <property name="java.home" value="C:\Program Files\Java\jdk1.8.0_211\jre"/>
    <property name="basedir" value="C:\Users\PIYUSH\eclipse-workspace\ChangePassword"/>
    <property name="file.separator" value="\"/>
    <property name="line.separator" value="&#10;"/>
    <property name="java.vm.specification.vendor" value="Oracle Corporation"/>
    <property name="java.specification.name" value="Java Platform API Specification"/>
    <property name="java.awt.graphicsenv" value="sun.awt.Win32GraphicsEnvironment"/>
    <property name="surefire.real.class.path" value="C:\Users\PIYUSH\AppData\Local\Temp\surefire6301331230535817746\surefirebooter8877392925899081834.jar"/>
    <property name="sun.boot.class.path" value="C:\Program Files\Java\jdk1.8.0_211\jre\lib\resources.jar;C:\Program Files\Java\jdk1.8.0_211\jre\lib\rt.jar;C:\Program Files\Java\jdk1.8.0_211\jre\lib\sunrsasign.jar;C:\Program Files\Java\jdk1.8.0_211\jre\lib\jsse.jar;C:\Program Files\Java\jdk1.8.0_211\jre\lib\jce.jar;C:\Program Files\Java\jdk1.8.0_211\jre\lib\charsets.jar;C:\Program Files\Java\jdk1.8.0_211\jre\lib\jfr.jar;C:\Program Files\Java\jdk1.8.0_211\jre\classes"/>
    <property name="user.script" value=""/>
    <property name="sun.management.compiler" value="HotSpot 64-Bit Tiered Compilers"/>
    <property name="java.runtime.version" value="1.8.0_211-b12"/>
    <property name="user.name" value="PIYUSH"/>
    <property name="path.separator" value=";"/>
    <property name="os.version" value="10.0"/>
    <property name="java.endorsed.dirs" value="C:\Program Files\Java\jdk1.8.0_211\jre\lib\endorsed"/>
    <property name="java.runtime.name" value="Java(TM) SE Runtime Environment"/>
    <property name="file.encoding" value="Cp1252"/>
    <property name="java.vm.name" value="Java HotSpot(TM) 64-Bit Server VM"/>
    <property name="localRepository" value="C:\Users\PIYUSH\.m2\repository"/>
    <property name="java.vendor.url.bug" value="http://bugreport.sun.com/bugreport/"/>
    <property name="java.io.tmpdir" value="C:\Users\PIYUSH\AppData\Local\Temp\"/>
    <property name="java.version" value="1.8.0_211"/>
    <property name="user.dir" value="C:\Users\PIYUSH\eclipse-workspace\ChangePassword"/>
    <property name="os.arch" value="amd64"/>
    <property name="java.vm.specification.name" value="Java Virtual Machine Specification"/>
    <property name="java.awt.printerjob" value="sun.awt.windows.WPrinterJob"/>
    <property name="sun.os.patch.level" value=""/>
    <property name="java.library.path" value="C:\Program Files\Java\jdk1.8.0_211\jre\bin;C:\Windows\Sun\Java\bin;C:\Windows\system32;C:\Windows;C:\Users\PIYUSH\bin;C:\Program Files\Git\mingw64\bin;C:\Program Files\Git\usr\local\bin;C:\Program Files\Git\usr\bin;C:\Program Files\Git\usr\bin;C:\Program Files\Git\mingw64\bin;C:\Program Files\Git\usr\bin;C:\Users\PIYUSH\bin;C:\Program Files (x86)\Common Files\Oracle\Java\javapath;C:\Windows\system32;C:\Windows;C:\Windows\System32\Wbem;C:\Windows\System32\WindowsPowerShell\v1.0;C:\Windows\System32\OpenSSH;C:\Program Files\Git\cmd;C:\Users\PIYUSH\Downloads\Compressed\apache-maven-3.6.1\bin;C:\Program Files\Java\jdk1.8.0_211\bin;C:\Users\PIYUSH\AppData\Local\Microsoft\WindowsApps;C:\Program Files\Git\usr\bin\vendor_perl;C:\Program Files\Git\usr\bin\core_perl;."/>
    <property name="java.vm.info" value="mixed mode"/>
    <property name="java.vendor" value="Oracle Corporation"/>
    <property name="java.vm.version" value="25.211-b12"/>
    <property name="java.ext.dirs" value="C:\Program Files\Java\jdk1.8.0_211\jre\lib\ext;C:\Windows\Sun\Java\lib\ext"/>
    <property name="sun.io.unicode.encoding" value="UnicodeLittle"/>
    <property name="java.class.version" value="52.0"/>
  </properties>
  <testcase name="verifyChangePassword_Valid01" classname="com.demo.test.ChangePassword_Test" time="0.013"/>
  <testcase name="verifyChangePassword_Valid02" classname="com.demo.test.ChangePassword_Test" time="0.001"/>
  <testcase name="verifyChangePassword_InValid01" classname="com.demo.test.ChangePassword_Test" time="0.001"/>
  <testcase name="verifyChangePassword_InValid02" classname="com.demo.test.ChangePassword_Test" time="0.001"/>
  <testcase name="verifyChangePassword_InValid03" classname="com.demo.test.ChangePassword_Test" time="0.001"/>
  <testcase name="verifyChangePassword_InValid04" classname="com.demo.test.ChangePassword_Test" time="0"/>
  <testcase name="verifyChangePassword_InValid05" classname="com.demo.test.ChangePassword_Test" time="0.001"/>
  <testcase name="verifyChangePassword_InValid06" classname="com.demo.test.ChangePassword_Test" time="0.001"/>
  <testcase name="verifyChangePassword_InValid07" classname="com.demo.test.ChangePassword_Test" time="0.001"/>
  <testcase name="verifyChangePassword_InValid08" classname="com.demo.test.ChangePassword_Test" time="0.002"/>
  <testcase name="verifyChangePassword_InValid09" classname="com.demo.test.ChangePassword_Test" time="0.001"/>
  <testcase name="verifyChangePassword_InValid10" classname="com.demo.test.ChangePassword_Test" time="0"/>
  <testcase name="verifyChangePassword_InValid11" classname="com.demo.test.ChangePassword_Test" time="0"/>
</testsuite>